5/30/2022, 12:46:44 PM - INFO - Server is running on port: 3030
5/30/2022, 12:46:50 PM - DEBUG - Getting Boards
5/30/2022, 12:48:17 PM - DEBUG - Getting Boards
5/30/2022, 12:49:20 PM - DEBUG - Getting Boards
5/30/2022, 12:49:50 PM - DEBUG - Getting Boards
5/30/2022, 12:50:03 PM - DEBUG - Getting Boards
5/30/2022, 12:50:23 PM - INFO - Server is running on port: 3030
5/30/2022, 12:50:51 PM - DEBUG - Getting Boards
5/30/2022, 12:50:51 PM - DEBUG - asdfasdf Boards
5/30/2022, 12:50:51 PM - ERROR - Failed to get boards | {}
5/30/2022, 12:51:33 PM - DEBUG - Getting Boards
5/30/2022, 12:51:33 PM - DEBUG - asdfasdf Boards
5/30/2022, 12:51:33 PM - ERROR - Failed to get boards | {}
5/30/2022, 12:51:46 PM - DEBUG - Getting Boards
5/30/2022, 12:51:46 PM - DEBUG - asdfasdf Boards
5/30/2022, 12:51:46 PM - ERROR - Failed to get boards | {}
5/30/2022, 12:52:15 PM - DEBUG - Getting Boards
5/30/2022, 12:52:15 PM - DEBUG - asdfasdf Boards
5/30/2022, 12:52:15 PM - ERROR - Failed to get boards | {}
5/30/2022, 12:52:45 PM - DEBUG - Getting Boards
5/30/2022, 12:52:45 PM - DEBUG - asdfasdf Boards
5/30/2022, 12:52:45 PM - ERROR - Failed to get boards | {}
5/30/2022, 12:52:57 PM - DEBUG - Getting Boards
5/30/2022, 12:52:57 PM - DEBUG - asdfasdf Boards
5/30/2022, 12:52:57 PM - ERROR - Failed to get boards | {}
5/30/2022, 12:53:03 PM - DEBUG - Getting Boards
5/30/2022, 12:53:03 PM - DEBUG - asdfasdf Boards
5/30/2022, 12:53:03 PM - ERROR - Failed to get boards | {}
5/30/2022, 12:53:33 PM - DEBUG - Getting Boards
5/30/2022, 12:53:33 PM - DEBUG - asdfasdf Boards
5/30/2022, 12:53:33 PM - ERROR - Failed to get boards | {}
5/30/2022, 12:54:03 PM - DEBUG - Getting Boards
5/30/2022, 12:54:03 PM - DEBUG - asdfasdf Boards
5/30/2022, 12:54:03 PM - ERROR - Failed to get boards | {}
5/30/2022, 12:55:07 PM - DEBUG - Getting Boards
5/30/2022, 12:55:07 PM - DEBUG - asdfasdf Boards
5/30/2022, 12:55:07 PM - ERROR - Failed to get boards | {}
5/30/2022, 12:55:10 PM - DEBUG - Getting Boards
5/30/2022, 12:55:10 PM - DEBUG - asdfasdf Boards
5/30/2022, 12:55:10 PM - ERROR - Failed to get boards | {}
5/30/2022, 12:55:12 PM - DEBUG - Getting Boards
5/30/2022, 12:55:12 PM - DEBUG - asdfasdf Boards
5/30/2022, 12:55:12 PM - ERROR - Failed to get boards | {}
5/30/2022, 12:55:28 PM - DEBUG - Getting Boards
5/30/2022, 12:55:28 PM - DEBUG - asdfasdf Boards
5/30/2022, 12:55:28 PM - ERROR - Failed to get boards | {}
5/30/2022, 12:55:43 PM - DEBUG - Getting Boards
5/30/2022, 12:55:43 PM - DEBUG - asdfasdf Boards
5/30/2022, 12:55:43 PM - ERROR - Failed to get boards | {}
5/30/2022, 12:56:05 PM - INFO - Server is running on port: 3030
5/30/2022, 1:08:31 PM - DEBUG - Getting Boards
5/30/2022, 1:08:48 PM - DEBUG - Getting Boards
5/30/2022, 1:09:08 PM - INFO - Server is running on port: 3030
5/30/2022, 1:09:11 PM - DEBUG - Getting Bossssssssssssards
5/30/2022, 1:11:26 PM - INFO - Server is running on port: 3030
5/30/2022, 1:12:05 PM - INFO - Server is running on port: 3030
5/30/2022, 1:13:12 PM - INFO - Server is running on port: 3030
5/30/2022, 1:14:47 PM - INFO - Server is running on port: 3030
5/30/2022, 1:15:51 PM - INFO - Server is running on port: 3030
5/30/2022, 1:15:58 PM - DEBUG - Getting Boards
5/30/2022, 1:16:02 PM - INFO - Server is running on port: 3030
5/30/2022, 1:16:04 PM - DEBUG - Getting Boddddddddddards
5/30/2022, 1:16:13 PM - INFO - Server is running on port: 3030
5/30/2022, 1:20:04 PM - INFO - Server is running on port: 3030
5/30/2022, 1:20:14 PM - INFO - Server is running on port: 3030
5/30/2022, 1:20:26 PM - INFO - Server is running on port: 3030
5/30/2022, 1:21:12 PM - DEBUG - Getting Boards
5/30/2022, 1:38:27 PM - DEBUG - Getting Boards
5/30/2022, 1:38:58 PM - INFO - Server is running on port: 3030
5/30/2022, 1:39:04 PM - INFO - Server is running on port: 3030
5/30/2022, 1:39:12 PM - INFO - Server is running on port: 3030
5/30/2022, 1:39:17 PM - INFO - Server is running on port: 3030
5/30/2022, 1:40:48 PM - INFO - Server is running on port: 3030
5/30/2022, 1:41:29 PM - INFO - Server is running on port: 3030
5/30/2022, 1:42:12 PM - INFO - Server is running on port: 3030
5/30/2022, 1:43:32 PM - INFO - Server is running on port: 3030
5/30/2022, 1:45:39 PM - INFO - Server is running on port: 3030
5/30/2022, 1:49:21 PM - INFO - Server is running on port: 3030
5/30/2022, 1:50:13 PM - INFO - Server is running on port: 3030
5/30/2022, 1:59:52 PM - INFO - Server is running on port: 3030
5/30/2022, 2:00:53 PM - INFO - Server is running on port: 3030
5/30/2022, 2:00:58 PM - INFO - Server is running on port: 3030
5/30/2022, 2:01:05 PM - INFO - Server is running on port: 3030
5/30/2022, 2:04:09 PM - INFO - Server is running on port: 3030
5/30/2022, 2:07:41 PM - INFO - Server is running on port: 3030
5/30/2022, 2:09:39 PM - INFO - Server is running on port: 3030
5/30/2022, 2:09:59 PM - INFO - Server is running on port: 3030
5/30/2022, 2:10:14 PM - INFO - Server is running on port: 3030
5/30/2022, 2:57:01 PM - INFO - Server is running on port: 3030
5/30/2022, 2:58:24 PM - INFO - Server is running on port: 3030
5/30/2022, 3:06:44 PM - INFO - Server is running on port: 3030
5/30/2022, 3:07:16 PM - INFO - Server is running on port: 3030
5/30/2022, 3:33:17 PM - INFO - Server is running on port: 3030
5/30/2022, 3:35:28 PM - INFO - Server is running on port: 3030
5/30/2022, 3:36:04 PM - INFO - Server is running on port: 3030
5/30/2022, 3:37:12 PM - INFO - Server is running on port: 3030
5/30/2022, 3:37:21 PM - INFO - Server is running on port: 3030
5/30/2022, 3:38:16 PM - INFO - Server is running on port: 3030
5/30/2022, 3:44:01 PM - INFO - Server is running on port: 3030
5/30/2022, 3:45:16 PM - INFO - Server is running on port: 3030
5/30/2022, 3:48:35 PM - INFO - Server is running on port: 3030
5/30/2022, 3:50:18 PM - INFO - Server is running on port: 3030
5/30/2022, 3:54:38 PM - INFO - Server is running on port: 3030
5/30/2022, 3:55:17 PM - INFO - Server is running on port: 3030
5/30/2022, 3:55:43 PM - INFO - Server is running on port: 3030
5/30/2022, 3:56:50 PM - INFO - Server is running on port: 3030
5/30/2022, 3:57:06 PM - INFO - Server is running on port: 3030
5/30/2022, 3:57:21 PM - INFO - Server is running on port: 3030
5/30/2022, 3:57:38 PM - INFO - Server is running on port: 3030
5/30/2022, 3:58:20 PM - INFO - Server is running on port: 3030
5/30/2022, 3:58:25 PM - ERROR - Failed to update task | {}
5/30/2022, 3:58:47 PM - INFO - Server is running on port: 3030
5/30/2022, 3:59:10 PM - INFO - Server is running on port: 3030
5/30/2022, 3:59:15 PM - INFO - Server is running on port: 3030
5/30/2022, 4:05:51 PM - INFO - Server is running on port: 3030
5/30/2022, 4:05:58 PM - INFO - Server is running on port: 3030
5/30/2022, 4:06:14 PM - INFO - Server is running on port: 3030
5/30/2022, 4:06:29 PM - INFO - Server is running on port: 3030
5/30/2022, 4:07:27 PM - INFO - Server is running on port: 3030
5/30/2022, 4:07:47 PM - INFO - Server is running on port: 3030
5/30/2022, 4:07:54 PM - INFO - Server is running on port: 3030
5/30/2022, 4:08:08 PM - INFO - Server is running on port: 3030
5/30/2022, 4:08:12 PM - INFO - Server is running on port: 3030
5/30/2022, 4:08:41 PM - INFO - Server is running on port: 3030
5/30/2022, 4:17:57 PM - INFO - Server is running on port: 3030
5/30/2022, 4:19:38 PM - INFO - Server is running on port: 3030
5/30/2022, 4:21:06 PM - INFO - Server is running on port: 3030
5/30/2022, 4:21:14 PM - INFO - Server is running on port: 3030
5/30/2022, 4:22:53 PM - INFO - Server is running on port: 3030
5/30/2022, 5:04:43 PM - INFO - Server is running on port: 3030
5/30/2022, 5:09:10 PM - DEBUG - auth.service - signup with username: shaga, fullname: tommy baga
5/30/2022, 5:09:11 PM - DEBUG - auth.route - new account created: {"username":"shaga","password":"$2b$10$90wqSw0otHeGQAhfR1P0P.hAJe.16gfhgeItfRYvpYRCYtO44mpUa","fullname":"tommy baga","score":0,"_id":"6294d007c28dbaa29f80496a"}
5/30/2022, 5:09:11 PM - DEBUG - auth.service - login with username: shaga
5/30/2022, 5:09:11 PM - ERROR - Failed to signup Invalid username or password
5/30/2022, 5:11:37 PM - INFO - Server is running on port: 3030
5/30/2022, 5:12:00 PM - INFO - Server is running on port: 3030
5/30/2022, 5:13:26 PM - DEBUG - auth.service - signup with username: shaga, fullname: tommy baga
5/30/2022, 5:13:26 PM - ERROR - Failed to signup ReferenceError: saltRounds is not defined
5/30/2022, 5:13:45 PM - DEBUG - auth.service - login with username: shaga
5/30/2022, 5:13:46 PM - ERROR - Failed to Login Invalid username or password
5/30/2022, 5:14:18 PM - INFO - Server is running on port: 3030
5/30/2022, 5:14:21 PM - DEBUG - auth.service - login with username: shaga
5/30/2022, 5:14:22 PM - INFO - user is | false
5/30/2022, 5:14:22 PM - INFO - entry is | baga
5/30/2022, 5:14:22 PM - INFO - match is | false
5/30/2022, 5:14:22 PM - ERROR - Failed to Login Invalid password
5/30/2022, 5:14:59 PM - INFO - Server is running on port: 3030
5/30/2022, 5:15:56 PM - INFO - Server is running on port: 3030
5/30/2022, 5:20:27 PM - INFO - Server is running on port: 3030
5/30/2022, 5:21:15 PM - DEBUG - auth.service - login with username: shaga
5/30/2022, 5:21:16 PM - INFO - user is | false
5/30/2022, 5:21:16 PM - INFO - entry is | baga
5/30/2022, 5:21:16 PM - INFO - match is | false
5/30/2022, 5:21:16 PM - ERROR - Failed to Login Invalid password
5/30/2022, 5:23:11 PM - DEBUG - auth.service - login with username: shaga
5/30/2022, 5:23:11 PM - INFO - user is | true
5/30/2022, 5:23:11 PM - INFO - entry is | $2b$10$90wqSw0otHeGQAhfR1P0P.hAJe.16gfhgeItfRYvpYRCYtO44mpUa
5/30/2022, 5:23:11 PM - INFO - match is | true
5/30/2022, 5:23:11 PM - INFO - User login:  | {"_id":"6294d007c28dbaa29f80496a","username":"shaga","fullname":"tommy baga","score":0}
5/30/2022, 6:01:31 PM - INFO - Server is running on port: 3030
5/30/2022, 6:01:38 PM - DEBUG - auth.service - login with username: shaga
5/30/2022, 6:01:39 PM - INFO - entry is | baga
5/30/2022, 6:01:39 PM - INFO - match is | true
5/30/2022, 6:01:39 PM - INFO - User login:  | {"_id":"6294d007c28dbaa29f80496a","username":"shaga","fullname":"tommy baga","score":0}
5/31/2022, 12:32:36 PM - INFO - Server is running on port: 3030
5/31/2022, 12:33:11 PM - DEBUG - Getting Boards
5/31/2022, 12:38:01 PM - DEBUG - Getting Boards
5/31/2022, 12:38:07 PM - DEBUG - Getting Boards
5/31/2022, 12:39:39 PM - DEBUG - Getting Boards
5/31/2022, 12:39:53 PM - DEBUG - Getting Boards
5/31/2022, 12:41:27 PM - DEBUG - Getting Boards
5/31/2022, 12:41:35 PM - ERROR - while finding board undefined | {}
5/31/2022, 12:41:35 PM - ERROR - Failed to get board | {}
5/31/2022, 12:41:40 PM - DEBUG - Getting Boards
5/31/2022, 12:41:44 PM - DEBUG - Getting Boards
5/31/2022, 12:41:46 PM - DEBUG - Getting Boards
5/31/2022, 12:42:06 PM - DEBUG - Getting Boards
5/31/2022, 12:42:21 PM - DEBUG - Getting Boards
5/31/2022, 12:42:37 PM - DEBUG - Getting Boards
5/31/2022, 12:42:45 PM - DEBUG - Getting Boards
5/31/2022, 12:42:50 PM - DEBUG - Getting Boards
5/31/2022, 12:45:50 PM - DEBUG - Getting Boards
5/31/2022, 12:46:00 PM - DEBUG - Getting Boards
5/31/2022, 12:46:07 PM - DEBUG - Getting Boards
5/31/2022, 12:49:53 PM - DEBUG - Getting Boards
5/31/2022, 12:50:01 PM - DEBUG - Getting Boards
5/31/2022, 12:51:11 PM - DEBUG - Getting Boards
5/31/2022, 12:52:46 PM - DEBUG - Getting Boards
5/31/2022, 12:52:52 PM - DEBUG - Getting Boards
5/31/2022, 12:52:53 PM - ERROR - while finding board r5SVm | {}
5/31/2022, 12:52:53 PM - ERROR - Failed to get board | {}
5/31/2022, 12:53:16 PM - ERROR - while finding board r5SVm | {}
5/31/2022, 12:53:16 PM - ERROR - Failed to get board | {}
5/31/2022, 12:53:16 PM - DEBUG - Getting Boards
5/31/2022, 12:53:21 PM - DEBUG - Getting Boards
5/31/2022, 12:53:22 PM - ERROR - while finding board Wd6Qz | {}
5/31/2022, 12:53:22 PM - ERROR - Failed to get board | {}
5/31/2022, 12:56:19 PM - ERROR - while finding board Wd6Qz | {}
5/31/2022, 12:56:19 PM - ERROR - Failed to get board | {}
5/31/2022, 12:56:19 PM - DEBUG - Getting Boards
5/31/2022, 12:56:26 PM - DEBUG - Getting Boards
5/31/2022, 12:56:40 PM - DEBUG - Getting Boards
5/31/2022, 12:57:28 PM - DEBUG - Getting Boards
5/31/2022, 12:57:50 PM - DEBUG - Getting Boards
5/31/2022, 12:57:56 PM - DEBUG - Getting Boards
5/31/2022, 12:58:00 PM - DEBUG - Getting Boards
5/31/2022, 12:59:09 PM - DEBUG - Getting Boards
5/31/2022, 12:59:15 PM - ERROR - while finding board undefined | {}
5/31/2022, 12:59:15 PM - ERROR - Failed to get board | {}
5/31/2022, 12:59:16 PM - DEBUG - Getting Boards
5/31/2022, 1:00:15 PM - DEBUG - Getting Boards
5/31/2022, 1:00:22 PM - DEBUG - Getting Boards
5/31/2022, 1:00:25 PM - DEBUG - Getting Boards
5/31/2022, 1:00:28 PM - DEBUG - Getting Boards
5/31/2022, 1:06:29 PM - DEBUG - Getting Boards
5/31/2022, 1:06:36 PM - DEBUG - Getting Boards
5/31/2022, 1:06:41 PM - DEBUG - Getting Boards
5/31/2022, 1:08:19 PM - DEBUG - Getting Boards
5/31/2022, 1:11:18 PM - INFO - Server is running on port: 3030
5/31/2022, 1:11:27 PM - DEBUG - Getting Boards
5/31/2022, 1:11:31 PM - DEBUG - Getting Boards
5/31/2022, 1:11:38 PM - DEBUG - Getting Boards
5/31/2022, 1:11:44 PM - DEBUG - Getting Boards
5/31/2022, 1:11:48 PM - DEBUG - Getting Boards
5/31/2022, 1:13:02 PM - DEBUG - Getting Boards
5/31/2022, 1:13:28 PM - DEBUG - Getting Boards
5/31/2022, 1:14:33 PM - DEBUG - Getting Boards
5/31/2022, 1:14:37 PM - DEBUG - Getting Boards
5/31/2022, 1:15:48 PM - DEBUG - Getting Boards
5/31/2022, 1:16:01 PM - DEBUG - Getting Boards
5/31/2022, 1:16:39 PM - INFO - Server is running on port: 3030
5/31/2022, 1:19:17 PM - DEBUG - Getting Boards
5/31/2022, 1:19:20 PM - DEBUG - Getting Boards
5/31/2022, 1:23:33 PM - DEBUG - Getting Boards
5/31/2022, 1:23:39 PM - DEBUG - Getting Boards
5/31/2022, 1:23:46 PM - DEBUG - Getting Boards
5/31/2022, 1:23:57 PM - DEBUG - Getting Boards
5/31/2022, 1:24:00 PM - DEBUG - Getting Boards
5/31/2022, 1:24:20 PM - DEBUG - Getting Boards
5/31/2022, 1:24:23 PM - DEBUG - Getting Boards
5/31/2022, 1:27:57 PM - DEBUG - Getting Boards
5/31/2022, 1:29:09 PM - DEBUG - Getting Boards
5/31/2022, 1:29:15 PM - DEBUG - Getting Boards
5/31/2022, 1:29:19 PM - DEBUG - Getting Boards
5/31/2022, 1:29:21 PM - DEBUG - Getting Boards
5/31/2022, 1:29:33 PM - DEBUG - Getting Boards
5/31/2022, 1:45:22 PM - DEBUG - Getting Boards
5/31/2022, 1:47:50 PM - DEBUG - Getting Boards
5/31/2022, 1:50:31 PM - DEBUG - Getting Boards
5/31/2022, 1:50:37 PM - DEBUG - Getting Boards
5/31/2022, 1:50:41 PM - DEBUG - Getting Boards
5/31/2022, 1:52:36 PM - DEBUG - Getting Boards
5/31/2022, 1:52:57 PM - DEBUG - Getting Boards
5/31/2022, 1:53:03 PM - DEBUG - Getting Boards
5/31/2022, 1:54:30 PM - DEBUG - Getting Boards
5/31/2022, 1:55:28 PM - INFO - Server is running on port: 3030
5/31/2022, 1:55:34 PM - DEBUG - Getting Boards
5/31/2022, 1:55:54 PM - DEBUG - Getting Boards
5/31/2022, 1:56:22 PM - DEBUG - Getting Boards
5/31/2022, 1:56:28 PM - DEBUG - Getting Boards
5/31/2022, 1:57:21 PM - DEBUG - Getting Boards
5/31/2022, 2:01:48 PM - DEBUG - Getting Boards
5/31/2022, 2:04:36 PM - DEBUG - Getting Boards
5/31/2022, 2:05:03 PM - DEBUG - Getting Boards
5/31/2022, 2:07:00 PM - INFO - Server is running on port: 3030
5/31/2022, 2:07:07 PM - DEBUG - Getting Boards
5/31/2022, 2:07:31 PM - INFO - Server is running on port: 3030
5/31/2022, 2:07:37 PM - DEBUG - Getting Boards
5/31/2022, 2:08:39 PM - INFO - Server is running on port: 3030
5/31/2022, 2:08:42 PM - INFO - Server is running on port: 3030
5/31/2022, 2:08:51 PM - DEBUG - Getting Boards
5/31/2022, 2:10:01 PM - INFO - Server is running on port: 3030
5/31/2022, 2:10:40 PM - INFO - Server is running on port: 3030
5/31/2022, 2:24:48 PM - DEBUG - Getting Boards
5/31/2022, 2:25:12 PM - DEBUG - Getting Boards
5/31/2022, 2:27:16 PM - DEBUG - Getting Boards
5/31/2022, 2:29:02 PM - DEBUG - Getting Boards
5/31/2022, 2:29:12 PM - DEBUG - Getting Boards
5/31/2022, 2:32:27 PM - DEBUG - Getting Boards
5/31/2022, 2:33:10 PM - DEBUG - Getting Boards
5/31/2022, 2:33:55 PM - ERROR - Failed to update task | {}
5/31/2022, 3:01:16 PM - DEBUG - Getting Boards
5/31/2022, 3:01:20 PM - DEBUG - Getting Boards
5/31/2022, 3:16:24 PM - DEBUG - Getting Boards
5/31/2022, 3:25:30 PM - DEBUG - Getting Boards
5/31/2022, 3:25:41 PM - DEBUG - Getting Boards
5/31/2022, 3:25:48 PM - DEBUG - Getting Boards
5/31/2022, 3:25:58 PM - DEBUG - Getting Boards
5/31/2022, 3:26:54 PM - DEBUG - auth.service - login with username: asdf
5/31/2022, 3:26:54 PM - ERROR - Failed to Login Invalid username or password
5/31/2022, 3:27:00 PM - DEBUG - auth.service - login with username: asdf
5/31/2022, 3:27:00 PM - ERROR - Failed to Login Invalid username or password
5/31/2022, 3:27:00 PM - DEBUG - auth.service - login with username: asdf
5/31/2022, 3:27:00 PM - ERROR - Failed to Login Invalid username or password
5/31/2022, 3:27:04 PM - DEBUG - auth.service - login with username: yotam
5/31/2022, 3:27:04 PM - ERROR - Failed to Login Invalid username or password
5/31/2022, 3:27:05 PM - DEBUG - auth.service - login with username: yotam
5/31/2022, 3:27:05 PM - ERROR - Failed to Login Invalid username or password
5/31/2022, 3:27:06 PM - DEBUG - auth.service - login with username: yotam
5/31/2022, 3:27:06 PM - ERROR - Failed to Login Invalid username or password
5/31/2022, 3:27:06 PM - DEBUG - auth.service - login with username: yotam
5/31/2022, 3:27:06 PM - ERROR - Failed to Login Invalid username or password
5/31/2022, 3:27:06 PM - DEBUG - auth.service - login with username: yotam
5/31/2022, 3:27:06 PM - ERROR - Failed to Login Invalid username or password
5/31/2022, 3:27:06 PM - DEBUG - auth.service - login with username: yotam
5/31/2022, 3:27:07 PM - ERROR - Failed to Login Invalid username or password
5/31/2022, 3:27:55 PM - DEBUG - auth.service - login with username: yotam
5/31/2022, 3:27:55 PM - ERROR - Failed to Login Invalid username or password
5/31/2022, 3:27:56 PM - DEBUG - auth.service - login with username: yotam
5/31/2022, 3:27:56 PM - ERROR - Failed to Login Invalid username or password
5/31/2022, 3:30:09 PM - INFO - Server is running on port: 3030
5/31/2022, 3:30:12 PM - INFO - Server is running on port: 3030
5/31/2022, 3:30:15 PM - DEBUG - auth.service - login with username: yotam
5/31/2022, 3:30:16 PM - INFO - entry is | tsamir
5/31/2022, 3:30:16 PM - INFO - match is | false
5/31/2022, 3:30:16 PM - ERROR - Failed to Login Invalid password
5/31/2022, 3:30:33 PM - DEBUG - auth.service - login with username: yotam
5/31/2022, 3:30:33 PM - INFO - entry is | tsamir
5/31/2022, 3:30:33 PM - INFO - match is | false
5/31/2022, 3:30:33 PM - ERROR - Failed to Login Invalid password
5/31/2022, 3:30:51 PM - DEBUG - auth.service - login with username: sdfg
5/31/2022, 3:30:51 PM - ERROR - Failed to Login Invalid username or password
5/31/2022, 3:31:07 PM - DEBUG - auth.service - login with username: sdfg
5/31/2022, 3:31:07 PM - ERROR - Failed to Login Invalid username or password
5/31/2022, 3:31:12 PM - DEBUG - auth.service - login with username: asdv
5/31/2022, 3:31:12 PM - ERROR - Failed to Login Invalid username or password
5/31/2022, 3:31:18 PM - DEBUG - auth.service - login with username: yotam
5/31/2022, 3:31:18 PM - INFO - entry is | tsamir
5/31/2022, 3:31:18 PM - INFO - match is | false
5/31/2022, 3:31:18 PM - ERROR - Failed to Login Invalid password
5/31/2022, 3:31:46 PM - INFO - Server is running on port: 3030
5/31/2022, 3:32:04 PM - INFO - Server is running on port: 3030
5/31/2022, 3:32:07 PM - DEBUG - auth.service - login with username: yotam
5/31/2022, 3:32:07 PM - INFO - entry is | tsamir
5/31/2022, 3:32:08 PM - INFO - match is | true
5/31/2022, 3:32:08 PM - INFO - User login:  | {"_id":"629608514306af78698b2ac8","username":"yotam","img":""}
5/31/2022, 3:32:09 PM - DEBUG - auth.service - login with username: yotam
5/31/2022, 3:32:09 PM - INFO - entry is | tsamir
5/31/2022, 3:32:09 PM - INFO - match is | true
5/31/2022, 3:32:09 PM - INFO - User login:  | {"_id":"629608514306af78698b2ac8","username":"yotam","img":""}
5/31/2022, 3:32:09 PM - DEBUG - auth.service - login with username: yotam
5/31/2022, 3:32:09 PM - INFO - entry is | tsamir
5/31/2022, 3:32:09 PM - INFO - match is | true
5/31/2022, 3:32:09 PM - INFO - User login:  | {"_id":"629608514306af78698b2ac8","username":"yotam","img":""}
5/31/2022, 3:32:09 PM - DEBUG - auth.service - login with username: yotam
5/31/2022, 3:32:09 PM - INFO - entry is | tsamir
5/31/2022, 3:32:09 PM - INFO - match is | true
5/31/2022, 3:32:09 PM - INFO - User login:  | {"_id":"629608514306af78698b2ac8","username":"yotam","img":""}
5/31/2022, 3:32:09 PM - DEBUG - auth.service - login with username: yotam
5/31/2022, 3:32:10 PM - INFO - entry is | tsamir
5/31/2022, 3:32:10 PM - INFO - match is | true
5/31/2022, 3:32:10 PM - INFO - User login:  | {"_id":"629608514306af78698b2ac8","username":"yotam","img":""}
5/31/2022, 3:32:32 PM - DEBUG - auth.service - login with username: asdf
5/31/2022, 3:32:32 PM - ERROR - Failed to Login Invalid username or password
5/31/2022, 3:32:35 PM - DEBUG - auth.service - login with username: asdf
5/31/2022, 3:32:35 PM - ERROR - Failed to Login Invalid username or password
5/31/2022, 4:14:04 PM - DEBUG - auth.service - login with username: yotam
5/31/2022, 4:14:04 PM - INFO - entry is | tsamir
5/31/2022, 4:14:04 PM - INFO - match is | true
5/31/2022, 4:14:04 PM - INFO - User login:  | {"_id":"629608514306af78698b2ac8","username":"yotam","img":""}
5/31/2022, 4:14:05 PM - DEBUG - auth.service - login with username: yotam
5/31/2022, 4:14:05 PM - INFO - entry is | tsamir
5/31/2022, 4:14:05 PM - INFO - match is | true
5/31/2022, 4:14:05 PM - INFO - User login:  | {"_id":"629608514306af78698b2ac8","username":"yotam","img":""}
5/31/2022, 4:14:07 PM - DEBUG - auth.service - login with username: yotam
5/31/2022, 4:14:07 PM - INFO - entry is | tsamir
5/31/2022, 4:14:07 PM - INFO - match is | true
5/31/2022, 4:14:07 PM - INFO - User login:  | {"_id":"629608514306af78698b2ac8","username":"yotam","img":""}
5/31/2022, 4:18:06 PM - DEBUG - auth.service - login with username: yotam
5/31/2022, 4:18:06 PM - INFO - entry is | tsamir
5/31/2022, 4:18:06 PM - INFO - match is | true
5/31/2022, 4:18:06 PM - INFO - User login:  | {"_id":"629608514306af78698b2ac8","username":"yotam","img":""}
5/31/2022, 4:18:11 PM - DEBUG - auth.service - login with username: yotam
5/31/2022, 4:18:11 PM - INFO - entry is | badir
5/31/2022, 4:18:11 PM - INFO - match is | false
5/31/2022, 4:18:11 PM - ERROR - Failed to Login Invalid password
5/31/2022, 4:18:16 PM - DEBUG - auth.service - login with username: yotam
5/31/2022, 4:18:16 PM - INFO - entry is | tsamir
5/31/2022, 4:18:16 PM - INFO - match is | true
5/31/2022, 4:18:16 PM - INFO - User login:  | {"_id":"629608514306af78698b2ac8","username":"yotam","img":""}
5/31/2022, 4:19:24 PM - INFO - Server is running on port: 3030
5/31/2022, 4:21:30 PM - INFO - Server is running on port: 3030
5/31/2022, 4:22:23 PM - INFO - Server is running on port: 3030
5/31/2022, 4:22:53 PM - INFO - Server is running on port: 3030
5/31/2022, 4:24:17 PM - INFO - Server is running on port: 3030
5/31/2022, 4:24:25 PM - INFO - Server is running on port: 3030
5/31/2022, 4:24:50 PM - INFO - Server is running on port: 3030
5/31/2022, 4:26:03 PM - DEBUG - Getting Boards
5/31/2022, 4:27:33 PM - INFO - Server is running on port: 3030
5/31/2022, 4:28:16 PM - DEBUG - Getting Boards
5/31/2022, 4:28:23 PM - DEBUG - Getting Boards
5/31/2022, 4:28:54 PM - DEBUG - Getting Boards
5/31/2022, 4:29:00 PM - DEBUG - auth.service - signup with username: asdf, fullname: asdf
5/31/2022, 4:29:00 PM - ERROR - Failed to signup ReferenceError: saltRounds is not defined
5/31/2022, 4:29:00 PM - DEBUG - auth.service - signup with username: asdf, fullname: asdf
5/31/2022, 4:29:00 PM - ERROR - Failed to signup ReferenceError: saltRounds is not defined
5/31/2022, 4:29:00 PM - DEBUG - Getting Boards
5/31/2022, 4:46:49 PM - INFO - Server is running on port: 3030
5/31/2022, 4:46:55 PM - DEBUG - auth.service - signup with username: asd, fullname: asd
5/31/2022, 4:46:55 PM - ERROR - Failed to signuppppppppppppppppppppppppppppppppppppppppppppppppppppppppppppppp ReferenceError: saltRounds is not defined
5/31/2022, 4:46:55 PM - DEBUG - auth.service - signup with username: asd, fullname: asd
5/31/2022, 4:46:55 PM - ERROR - Failed to signuppppppppppppppppppppppppppppppppppppppppppppppppppppppppppppppp ReferenceError: saltRounds is not defined
5/31/2022, 4:46:55 PM - DEBUG - Getting Boards
5/31/2022, 4:47:34 PM - INFO - Server is running on port: 3030
5/31/2022, 4:47:40 PM - DEBUG - auth.service - signup with username: asd, fullname: asd
5/31/2022, 4:47:40 PM - ERROR - Failed to signuppppppppppppppppppppppppppppppppppppppppppppppppppppppppppppppp Error: data and salt arguments required
5/31/2022, 4:47:40 PM - DEBUG - auth.service - signup with username: asd, fullname: asd
5/31/2022, 4:47:40 PM - ERROR - Failed to signuppppppppppppppppppppppppppppppppppppppppppppppppppppppppppppppp Error: data and salt arguments required
5/31/2022, 4:47:40 PM - DEBUG - Getting Boards
5/31/2022, 4:48:15 PM - INFO - Server is running on port: 3030
5/31/2022, 4:52:39 PM - INFO - Server is running on port: 3030
5/31/2022, 4:52:46 PM - DEBUG - auth.service - signup with username: asc, fullname: asc
5/31/2022, 4:52:46 PM - ERROR - Failed to signuppppppppppppppppppppppppppppppppppppppppppppppppppppppppppppppp Error: data and salt arguments required
5/31/2022, 4:52:46 PM - DEBUG - auth.service - signup with username: asc, fullname: asc
5/31/2022, 4:52:46 PM - ERROR - Failed to signuppppppppppppppppppppppppppppppppppppppppppppppppppppppppppppppp Error: data and salt arguments required
5/31/2022, 4:52:46 PM - DEBUG - Getting Boards
5/31/2022, 4:53:48 PM - INFO - Server is running on port: 3030
5/31/2022, 4:53:53 PM - DEBUG - auth.service - signup with username: asdfasdf, fullname: asdfasdf
5/31/2022, 4:53:53 PM - DEBUG - auth.service - signup with username: asdfasdf, fullname: asdfasdf
5/31/2022, 4:53:53 PM - DEBUG - Getting Boards
5/31/2022, 4:53:54 PM - DEBUG - auth.route - new account created: {"username":"asdfasdf","password":"$2b$10$XT6DjAEMIgqO9KEP2gmNhednXxLbFetErvh0xr46R5Bf0DF611O3K","fullname":"asdfasdf","email":"asdfasdf","_id":"62961df236a74f994882d0c1"}
5/31/2022, 4:53:54 PM - DEBUG - auth.service - login with username: asdfasdf
5/31/2022, 4:53:54 PM - INFO - entry is | asdfasdf
5/31/2022, 4:53:54 PM - INFO - match is | false
5/31/2022, 4:53:54 PM - ERROR - Failed to signuppppppppppppppppppppppppppppppppppppppppppppppppppppppppppppppp Invalid password
5/31/2022, 4:53:55 PM - DEBUG - auth.route - new account created: {"username":"asdfasdf","password":"$2b$10$wXercvlcZF2pb67lvarPDu5ekS7CitKZazLaDH.3Bg3fSNRi3X7c6","fullname":"asdfasdf","email":"asdfasdf","_id":"62961df336a74f994882d0c2"}
5/31/2022, 4:53:55 PM - DEBUG - auth.service - login with username: asdfasdf
5/31/2022, 4:53:55 PM - INFO - entry is | asdfasdf
5/31/2022, 4:53:55 PM - INFO - match is | false
5/31/2022, 4:53:55 PM - ERROR - Failed to signuppppppppppppppppppppppppppppppppppppppppppppppppppppppppppppppp Invalid password
5/31/2022, 4:54:52 PM - INFO - Server is running on port: 3030
5/31/2022, 4:54:59 PM - DEBUG - auth.service - signup with username: qwerqwer, fullname: qwerqwer
5/31/2022, 4:54:59 PM - DEBUG - auth.service - signup with username: qwerqwer, fullname: qwerqwer
5/31/2022, 4:54:59 PM - DEBUG - Getting Boards
5/31/2022, 4:55:00 PM - DEBUG - auth.route - new account created: {"username":"qwerqwer","password":"$2b$10$FaGrUB8Y6hyu/eurGWfZC.9dqklUCDcp4yeuQ2MLH2qYKsLr.yQ1.","fullname":"qwerqwer","email":"qerqwer","_id":"62961e34975ba18bf677f166"}
5/31/2022, 4:55:00 PM - DEBUG - auth.service - login with username: qwerqwer
5/31/2022, 4:55:00 PM - DEBUG - auth.route - new account created: {"username":"qwerqwer","password":"$2b$10$KYD0.OO0uMmRU/ZSzmIVUeeZeob2.P0N.t8XFOayNtFpUZSkbQtY.","fullname":"qwerqwer","email":"qerqwer","_id":"62961e34975ba18bf677f167"}
5/31/2022, 4:55:00 PM - DEBUG - auth.service - login with username: qwerqwer
5/31/2022, 4:55:00 PM - INFO - entry is | qwerqwer
5/31/2022, 4:55:00 PM - INFO - entry is | qwerqwer
5/31/2022, 4:55:01 PM - INFO - match is | true
5/31/2022, 4:55:01 PM - INFO - User login:  | {"_id":"62961e34975ba18bf677f166","username":"qwerqwer","fullname":"qwerqwer","email":"qerqwer"}
5/31/2022, 4:55:01 PM - INFO - match is | true
5/31/2022, 4:55:01 PM - INFO - User login:  | {"_id":"62961e34975ba18bf677f166","username":"qwerqwer","fullname":"qwerqwer","email":"qerqwer"}
5/31/2022, 4:55:14 PM - DEBUG - auth.service - login with username: qwerqwer
5/31/2022, 4:55:14 PM - INFO - entry is | qwerqwer
5/31/2022, 4:55:14 PM - INFO - match is | true
5/31/2022, 4:55:14 PM - INFO - User login:  | {"_id":"62961e34975ba18bf677f166","username":"qwerqwer","fullname":"qwerqwer","email":"qerqwer"}
5/31/2022, 4:55:22 PM - DEBUG - auth.service - login with username: qwerqwer
5/31/2022, 4:55:22 PM - INFO - entry is | qwerqwerwqer
5/31/2022, 4:55:22 PM - INFO - match is | false
5/31/2022, 4:55:22 PM - ERROR - Failed to Login Invalid password
5/31/2022, 4:55:26 PM - DEBUG - auth.service - login with username: qwerqwer
5/31/2022, 4:55:26 PM - INFO - entry is | qwerqwer
5/31/2022, 4:55:26 PM - INFO - match is | true
5/31/2022, 4:55:26 PM - INFO - User login:  | {"_id":"62961e34975ba18bf677f166","username":"qwerqwer","fullname":"qwerqwer","email":"qerqwer"}
5/31/2022, 4:56:17 PM - DEBUG - Getting Boards
5/31/2022, 5:08:05 PM - DEBUG - Getting Boards
5/31/2022, 5:08:15 PM - DEBUG - Getting Boards
5/31/2022, 5:08:18 PM - DEBUG - Getting Boards
5/31/2022, 5:08:20 PM - DEBUG - Getting Boards
5/31/2022, 5:08:22 PM - DEBUG - Getting Boards
5/31/2022, 5:08:25 PM - DEBUG - Getting Boards
5/31/2022, 5:10:07 PM - ERROR - while finding board [object Object] | {}
5/31/2022, 5:10:07 PM - ERROR - Failed to update task | {}
5/31/2022, 5:43:46 PM - INFO - Server is running on port: 3030
5/31/2022, 5:47:51 PM - INFO - Server is running on port: 3030
5/31/2022, 5:47:59 PM - INFO - Server is running on port: 3030
5/31/2022, 5:51:10 PM - INFO - Server is running on port: 3030
5/31/2022, 5:52:12 PM - INFO - Server is running on port: 3030
5/31/2022, 5:53:25 PM - INFO - Server is running on port: 3030
5/31/2022, 5:53:30 PM - INFO - Server is running on port: 3030
5/31/2022, 5:54:51 PM - INFO - Server is running on port: 3030
5/31/2022, 5:54:59 PM - INFO - Server is running on port: 3030
5/31/2022, 5:55:08 PM - INFO - Server is running on port: 3030
5/31/2022, 5:58:18 PM - DEBUG - Getting Boards
5/31/2022, 5:58:55 PM - INFO - Server is running on port: 3030
5/31/2022, 5:59:33 PM - INFO - Server is running on port: 3030
5/31/2022, 6:00:43 PM - INFO - Server is running on port: 3030
5/31/2022, 6:00:50 PM - DEBUG - Getting Boards
5/31/2022, 6:00:57 PM - ERROR - while finding board [object Object] | {}
5/31/2022, 6:19:29 PM - INFO - Server is running on port: 3030
5/31/2022, 6:19:50 PM - ERROR - while finding board [object Object] | {}
5/31/2022, 6:21:04 PM - INFO - Server is running on port: 3030
5/31/2022, 6:21:08 PM - ERROR - while finding board [object Object] | {}
5/31/2022, 6:21:27 PM - INFO - Server is running on port: 3030
5/31/2022, 6:21:30 PM - ERROR - while finding board [object Object] | {}
5/31/2022, 6:21:39 PM - INFO - Server is running on port: 3030
5/31/2022, 6:22:16 PM - INFO - Server is running on port: 3030
5/31/2022, 6:22:19 PM - ERROR - while finding board [object Object] | {}
5/31/2022, 6:22:49 PM - INFO - Server is running on port: 3030
5/31/2022, 6:22:53 PM - INFO - Server is running on port: 3030
5/31/2022, 6:27:13 PM - DEBUG - Getting Boards
5/31/2022, 6:27:21 PM - DEBUG - Getting Boards
5/31/2022, 6:27:45 PM - DEBUG - Getting Boards
5/31/2022, 6:28:27 PM - INFO - Server is running on port: 3030
5/31/2022, 6:30:04 PM - DEBUG - Getting Boards
5/31/2022, 6:35:43 PM - INFO - Server is running on port: 3030
5/31/2022, 6:40:07 PM - INFO - Server is running on port: 3030
5/31/2022, 6:40:12 PM - INFO - User is:  | {"_id":"62961e34975ba18bf677f166","username":"qwerqwer","fullname":"qwerqwer","email":"qerqwer"}
5/31/2022, 6:40:12 PM - INFO - User is:  | {"_id":"62961e34975ba18bf677f166","username":"qwerqwer","fullname":"qwerqwer","email":"qerqwer"}
5/31/2022, 6:40:12 PM - INFO - User is:  | {"_id":"62961e34975ba18bf677f166","username":"qwerqwer","fullname":"qwerqwer","email":"qerqwer"}
5/31/2022, 6:40:13 PM - DEBUG - Getting Boards
5/31/2022, 6:40:28 PM - DEBUG - Getting Boards
5/31/2022, 6:40:35 PM - INFO - User is:  | {"_id":"62961e34975ba18bf677f166","username":"qwerqwer","fullname":"qwerqwer","email":"qerqwer"}
5/31/2022, 6:40:35 PM - INFO - User is:  | {"_id":"62961e34975ba18bf677f166","username":"qwerqwer","fullname":"qwerqwer","email":"qerqwer"}
5/31/2022, 6:40:35 PM - INFO - User is:  | {"_id":"62961e34975ba18bf677f166","username":"qwerqwer","fullname":"qwerqwer","email":"qerqwer"}
5/31/2022, 6:40:35 PM - DEBUG - Getting Boards
5/31/2022, 6:40:50 PM - INFO - User is:  | null
5/31/2022, 6:40:56 PM - INFO - User is:  | null
5/31/2022, 6:41:07 PM - DEBUG - auth.service - login with username: yotam
5/31/2022, 6:41:07 PM - INFO - entry is | tsamir
5/31/2022, 6:41:07 PM - INFO - match is | false
5/31/2022, 6:41:07 PM - ERROR - Failed to Login Invalid password
5/31/2022, 6:41:13 PM - DEBUG - auth.service - login with username: qwerqwer
5/31/2022, 6:41:14 PM - INFO - entry is | qwerqwer
5/31/2022, 6:41:14 PM - INFO - match is | true
5/31/2022, 6:41:14 PM - INFO - User login:  | {"_id":"62961e34975ba18bf677f166","username":"qwerqwer","fullname":"qwerqwer","email":"qerqwer"}
5/31/2022, 6:41:22 PM - INFO - User is:  | {"_id":"62961e34975ba18bf677f166","username":"qwerqwer","fullname":"qwerqwer","email":"qerqwer"}
5/31/2022, 6:41:22 PM - INFO - User is:  | {"_id":"62961e34975ba18bf677f166","username":"qwerqwer","fullname":"qwerqwer","email":"qerqwer"}
5/31/2022, 6:41:23 PM - INFO - User is:  | {"_id":"62961e34975ba18bf677f166","username":"qwerqwer","fullname":"qwerqwer","email":"qerqwer"}
5/31/2022, 6:41:23 PM - DEBUG - Getting Boards
5/31/2022, 7:40:48 PM - DEBUG - auth.service - signup with username: asdfasdf, fullname: asdfasdf
5/31/2022, 7:40:48 PM - DEBUG - auth.service - signup with username: asdfasdf, fullname: asdfasdf
5/31/2022, 7:40:48 PM - DEBUG - Getting Boards
5/31/2022, 7:40:49 PM - DEBUG - auth.route - new account created: {"username":"asdfasdf","password":"$2b$10$kkzB.pwdKNEmIE/wb3blSOEVITwcIjOqvTBqX6/1Wlt9Xxwjc.Tim","fullname":"asdfasdf","email":"asdfasdf","_id":"629645114eca4d1b3a01a774"}
5/31/2022, 7:40:49 PM - DEBUG - auth.service - login with username: asdfasdf
5/31/2022, 7:40:49 PM - DEBUG - auth.route - new account created: {"username":"asdfasdf","password":"$2b$10$FGZqCYGnMzku5U6mzoNobu6RXeBXzPUmJh46nHVf2F4Qx9F6dumfm","fullname":"asdfasdf","email":"asdfasdf","_id":"629645114eca4d1b3a01a775"}
5/31/2022, 7:40:49 PM - DEBUG - auth.service - login with username: asdfasdf
5/31/2022, 7:40:49 PM - INFO - entry is | asdfasdf
5/31/2022, 7:40:49 PM - INFO - entry is | asdfasdf
5/31/2022, 7:40:49 PM - INFO - match is | true
5/31/2022, 7:40:49 PM - INFO - User login:  | {"_id":"62961df236a74f994882d0c1","username":"asdfasdf","fullname":"asdfasdf","email":"asdfasdf"}
5/31/2022, 7:40:49 PM - INFO - match is | true
5/31/2022, 7:40:49 PM - INFO - User login:  | {"_id":"62961df236a74f994882d0c1","username":"asdfasdf","fullname":"asdfasdf","email":"asdfasdf"}
5/31/2022, 7:40:56 PM - INFO - User is:  | {"_id":"62961df236a74f994882d0c1","username":"asdfasdf","fullname":"asdfasdf","email":"asdfasdf"}
5/31/2022, 7:40:56 PM - INFO - User is:  | {"_id":"62961df236a74f994882d0c1","username":"asdfasdf","fullname":"asdfasdf","email":"asdfasdf"}
5/31/2022, 7:40:56 PM - INFO - User is:  | {"_id":"62961df236a74f994882d0c1","username":"asdfasdf","fullname":"asdfasdf","email":"asdfasdf"}
5/31/2022, 7:40:56 PM - DEBUG - Getting Boards
5/31/2022, 7:41:11 PM - INFO - User is:  | null
5/31/2022, 7:41:21 PM - DEBUG - auth.service - login with username: asdfasdf
5/31/2022, 7:41:21 PM - INFO - entry is | asdfasdf
5/31/2022, 7:41:21 PM - INFO - match is | true
5/31/2022, 7:41:21 PM - INFO - User login:  | {"_id":"62961df236a74f994882d0c1","username":"asdfasdf","fullname":"asdfasdf","email":"asdfasdf"}
5/31/2022, 7:41:25 PM - DEBUG - Getting Boards
5/31/2022, 7:41:33 PM - INFO - User is:  | {"_id":"62961df236a74f994882d0c1","username":"asdfasdf","fullname":"asdfasdf","email":"asdfasdf"}
5/31/2022, 7:41:33 PM - INFO - User is:  | {"_id":"62961df236a74f994882d0c1","username":"asdfasdf","fullname":"asdfasdf","email":"asdfasdf"}
5/31/2022, 7:41:33 PM - INFO - User is:  | {"_id":"62961df236a74f994882d0c1","username":"asdfasdf","fullname":"asdfasdf","email":"asdfasdf"}
5/31/2022, 7:41:33 PM - DEBUG - Getting Boards
5/31/2022, 10:52:36 PM - INFO - Server is running on port: 3030
5/31/2022, 10:54:02 PM - INFO - Server is running on port: 3030
5/31/2022, 10:54:07 PM - INFO - Server is running on port: 3030
6/1/2022, 12:10:25 AM - INFO - Server is running on port: 3030
6/1/2022, 12:28:46 AM - DEBUG - Getting Boards
6/1/2022, 9:15:14 AM - DEBUG - Getting Boards
6/1/2022, 9:15:27 AM - DEBUG - Getting Boards
6/1/2022, 11:21:22 AM - INFO - Server is running on port: 3030
6/1/2022, 11:34:12 AM - INFO - Server is running on port: 3030
